
> progress_bar_for_react@1.0.59 build-storybook
> storybook build --output-dir /tmp/chromatic--547894-tgLt2bIdlun8

@storybook/cli v8.0.2

info => Cleaning outputDir: ../../../../tmp/chromatic--547894-tgLt2bIdlun8
info => Loading presets
info => Building manager..
info => Manager built (97 ms)
info => Building preview..
WARN No story files found for the specified pattern: src/**/*.mdx
info Using tsconfig paths for react-docgen
vite v5.1.6 building for production...
transforming...
✓ 595 modules transformed.
rendering chunks...

[vite:dts] Start generate declaration files...
computing gzip size...
[vite:dts] Start rollup declaration files...
Analysis will use the bundled TypeScript version 5.3.3
*** The target project appears to use TypeScript 5.4.2 which is newer than the bundled compiler engine; consider upgrading API Extractor.
[vite:dts] Declaration files built in 2203ms.

../../../../tmp/chromatic--547894-tgLt2bIdlun8/iframe.html                                                                  13.11 kB │ gzip:   3.63 kB
../../../../tmp/chromatic--547894-tgLt2bIdlun8/assets/preview-B4GcaC1c.js                                                    0.07 kB │ gzip:   0.08 kB
../../../../tmp/chromatic--547894-tgLt2bIdlun8/assets/WithTooltip-Y7J54OF7-zRowssPc.js                                       0.40 kB │ gzip:   0.27 kB
../../../../tmp/chromatic--547894-tgLt2bIdlun8/assets/emotion-use-insertion-effect-with-fallbacks.browser.esm-L5l4RKBO.js    0.41 kB │ gzip:   0.29 kB
../../../../tmp/chromatic--547894-tgLt2bIdlun8/assets/index-_byTH_QA.js                                                      0.42 kB │ gzip:   0.27 kB
../../../../tmp/chromatic--547894-tgLt2bIdlun8/assets/syntaxhighlighter-JOJW2KGS-DuceKQdl.js                                 0.44 kB │ gzip:   0.31 kB
../../../../tmp/chromatic--547894-tgLt2bIdlun8/assets/preview-C2ea4-gM.js                                                    0.62 kB │ gzip:   0.38 kB
../../../../tmp/chromatic--547894-tgLt2bIdlun8/assets/index-DrFu-skq.js                                                      0.77 kB │ gzip:   0.47 kB
../../../../tmp/chromatic--547894-tgLt2bIdlun8/assets/preview-Cv3rAi2i.js                                                    0.86 kB │ gzip:   0.55 kB
../../../../tmp/chromatic--547894-tgLt2bIdlun8/assets/preview-C2ibgIoH.js                                                    0.97 kB │ gzip:   0.60 kB
../../../../tmp/chromatic--547894-tgLt2bIdlun8/assets/entry-preview-DJJ6zTsm.js                                              1.24 kB │ gzip:   0.72 kB
../../../../tmp/chromatic--547894-tgLt2bIdlun8/assets/preview-CwqMn10d.js                                                    3.19 kB │ gzip:   1.37 kB
../../../../tmp/chromatic--547894-tgLt2bIdlun8/assets/preview-DbT1mggi.js                                                    3.52 kB │ gzip:   1.71 kB
../../../../tmp/chromatic--547894-tgLt2bIdlun8/assets/iframe-DicBcx8F.js                                                     3.74 kB │ gzip:   1.57 kB
../../../../tmp/chromatic--547894-tgLt2bIdlun8/assets/preview-BAz7FMXc.js                                                    7.62 kB │ gzip:   1.56 kB
../../../../tmp/chromatic--547894-tgLt2bIdlun8/assets/index-Dl6G-zuu.js                                                      7.80 kB │ gzip:   3.07 kB
../../../../tmp/chromatic--547894-tgLt2bIdlun8/assets/preview-Db4Idchh.js                                                    8.11 kB │ gzip:   3.08 kB
../../../../tmp/chromatic--547894-tgLt2bIdlun8/assets/Color-RQJUDNI5-DvxBd17t.js                                            31.00 kB │ gzip:  11.64 kB
../../../../tmp/chromatic--547894-tgLt2bIdlun8/assets/ProgressBarContainer.stories-Den-fVDW.js                              48.44 kB │ gzip:  14.81 kB
../../../../tmp/chromatic--547894-tgLt2bIdlun8/assets/_getPrototype-Cg4bdWul.js                                             78.60 kB │ gzip:  23.43 kB
../../../../tmp/chromatic--547894-tgLt2bIdlun8/assets/react-18-bF4gvWCI.js                                                 134.49 kB │ gzip:  43.41 kB
../../../../tmp/chromatic--547894-tgLt2bIdlun8/assets/formatter-B5HCVTEV-CtBxO0cS.js                                       210.81 kB │ gzip:  70.35 kB
../../../../tmp/chromatic--547894-tgLt2bIdlun8/assets/entry-preview-docs-BjG8YOfG.js                                       213.39 kB │ gzip:  66.30 kB
../../../../tmp/chromatic--547894-tgLt2bIdlun8/assets/DocsRenderer-K4EAMTCU-DDDVnjb_.js                                    586.41 kB │ gzip: 175.71 kB
✓ built in 5.94s
info => Preview built (7.01 s)
info => Output directory: /tmp/chromatic--547894-tgLt2bIdlun8
